21:36:53 **** Incremental Build of configuration Debug for project HMI_ECU ****
make all 
Invoking: Print Size
avr-size --format=avr --mcu=atmega32 HMI_ECU.elf
AVR Memory Usage
----------------
Device: atmega32

Program:   13782 bytes (42.1% Full)
(.text + .data + .bootloader)

Data:        222 bytes (10.8% Full)
(.data + .bss + .noinit)


Finished building: sizedummy
 
21:36:55 **** Incremental Build of configuration Debug for project CONTROL_ECU ****
make all 
Invoking: Print Size
avr-size --format=avr --mcu=atmega32 CONTROL_ECU.elf
AVR Memory Usage
----------------
Device: atmega32

Program:   10596 bytes (32.3% Full)
(.text + .data + .bootloader)

Data:        301 bytes (14.7% Full)
(.data + .bss + .noinit)


Finished building: sizedummy
 
21:36:56 **** Incremental Build of configuration Debug for project HMI_ECU ****
make all 
Invoking: Print Size
avr-size --format=avr --mcu=atmega32 HMI_ECU.elf
AVR Memory Usage
----------------
Device: atmega32

Program:   13782 bytes (42.1% Full)
(.text + .data + .bootloader)

Data:        222 bytes (10.8% Full)
(.data + .bss + .noinit)


Finished building: sizedummy
 
21:37:00 **** Clean-only build of configuration Debug for project CONTROL_ECU ****
make clean 
rm -rf  ./MCAL/gpio.o ./MCAL/timer0.o ./MCAL/timer1.o ./MCAL/twi.o ./MCAL/usart.o  ./HAL/buzzer.o ./HAL/dcmotor.o ./HAL/external_eeprom.o  ./Application/CONTROL_ECU.o ./Application/Utilities.o  sizedummy  CONTROL_ECU.lss  ./MCAL/gpio.d ./MCAL/timer0.d ./MCAL/timer1.d ./MCAL/twi.d ./MCAL/usart.d  ./HAL/buzzer.d ./HAL/dcmotor.d ./HAL/external_eeprom.d  ./Application/CONTROL_ECU.d ./Application/Utilities.d  CONTROL_ECU.elf
 
21:37:00 **** Incremental Build of configuration Debug for project CONTROL_ECU ****
make all 
Building file: ../MCAL/gpio.c
Invoking: AVR Compiler
avr-gcc -Wall -g2 -gstabs -O0 -fpack-struct -fshort-enums -ffunction-sections -fdata-sections -std=gnu99 -funsigned-char -funsigned-bitfields -mmcu=atmega32 -DF_CPU=8000000UL -MMD -MP -MF"MCAL/gpio.d" -MT"MCAL/gpio.o" -c -o "MCAL/gpio.o" "../MCAL/gpio.c"
Finished building: ../MCAL/gpio.c
 
Building file: ../MCAL/timer0.c
Invoking: AVR Compiler
avr-gcc -Wall -g2 -gstabs -O0 -fpack-struct -fshort-enums -ffunction-sections -fdata-sections -std=gnu99 -funsigned-char -funsigned-bitfields -mmcu=atmega32 -DF_CPU=8000000UL -MMD -MP -MF"MCAL/timer0.d" -MT"MCAL/timer0.o" -c -o "MCAL/timer0.o" "../MCAL/timer0.c"
Finished building: ../MCAL/timer0.c
 
Building file: ../MCAL/timer1.c
Invoking: AVR Compiler
avr-gcc -Wall -g2 -gstabs -O0 -fpack-struct -fshort-enums -ffunction-sections -fdata-sections -std=gnu99 -funsigned-char -funsigned-bitfields -mmcu=atmega32 -DF_CPU=8000000UL -MMD -MP -MF"MCAL/timer1.d" -MT"MCAL/timer1.o" -c -o "MCAL/timer1.o" "../MCAL/timer1.c"
../MCAL/timer1.c: In function 'TIMER1_setCallback':
../MCAL/timer1.c:105: warning: function return types not compatible due to 'volatile'
Finished building: ../MCAL/timer1.c
 
Building file: ../MCAL/twi.c
Invoking: AVR Compiler
avr-gcc -Wall -g2 -gstabs -O0 -fpack-struct -fshort-enums -ffunction-sections -fdata-sections -std=gnu99 -funsigned-char -funsigned-bitfields -mmcu=atmega32 -DF_CPU=8000000UL -MMD -MP -MF"MCAL/twi.d" -MT"MCAL/twi.o" -c -o "MCAL/twi.o" "../MCAL/twi.c"
Finished building: ../MCAL/twi.c
 
Building file: ../MCAL/usart.c
Invoking: AVR Compiler
avr-gcc -Wall -g2 -gstabs -O0 -fpack-struct -fshort-enums -ffunction-sections -fdata-sections -std=gnu99 -funsigned-char -funsigned-bitfields -mmcu=atmega32 -DF_CPU=8000000UL -MMD -MP -MF"MCAL/usart.d" -MT"MCAL/usart.o" -c -o "MCAL/usart.o" "../MCAL/usart.c"
Finished building: ../MCAL/usart.c
 
Building file: ../HAL/buzzer.c
Invoking: AVR Compiler
avr-gcc -Wall -g2 -gstabs -O0 -fpack-struct -fshort-enums -ffunction-sections -fdata-sections -std=gnu99 -funsigned-char -funsigned-bitfields -mmcu=atmega32 -DF_CPU=8000000UL -MMD -MP -MF"HAL/buzzer.d" -MT"HAL/buzzer.o" -c -o "HAL/buzzer.o" "../HAL/buzzer.c"
Finished building: ../HAL/buzzer.c
 
Building file: ../HAL/dcmotor.c
Invoking: AVR Compiler
avr-gcc -Wall -g2 -gstabs -O0 -fpack-struct -fshort-enums -ffunction-sections -fdata-sections -std=gnu99 -funsigned-char -funsigned-bitfields -mmcu=atmega32 -DF_CPU=8000000UL -MMD -MP -MF"HAL/dcmotor.d" -MT"HAL/dcmotor.o" -c -o "HAL/dcmotor.o" "../HAL/dcmotor.c"
Finished building: ../HAL/dcmotor.c
 
Building file: ../HAL/external_eeprom.c
Invoking: AVR Compiler
avr-gcc -Wall -g2 -gstabs -O0 -fpack-struct -fshort-enums -ffunction-sections -fdata-sections -std=gnu99 -funsigned-char -funsigned-bitfields -mmcu=atmega32 -DF_CPU=8000000UL -MMD -MP -MF"HAL/external_eeprom.d" -MT"HAL/external_eeprom.o" -c -o "HAL/external_eeprom.o" "../HAL/external_eeprom.c"
Finished building: ../HAL/external_eeprom.c
 
Building file: ../Application/CONTROL_ECU.c
Invoking: AVR Compiler
avr-gcc -Wall -g2 -gstabs -O0 -fpack-struct -fshort-enums -ffunction-sections -fdata-sections -std=gnu99 -funsigned-char -funsigned-bitfields -mmcu=atmega32 -DF_CPU=8000000UL -MMD -MP -MF"Application/CONTROL_ECU.d" -MT"Application/CONTROL_ECU.o" -c -o "Application/CONTROL_ECU.o" "../Application/CONTROL_ECU.c"
In file included from ../Application/INC/Utilities.h:16,
                 from ../Application/CONTROL_ECU.c:1:
c:/winavr-20100110/lib/gcc/../../avr/include/util/delay.h:90:3: warning: #warning "Compiler optimizations disabled; functions from <util/delay.h> won't work as designed"
Finished building: ../Application/CONTROL_ECU.c
 
Building file: ../Application/Utilities.c
Invoking: AVR Compiler
avr-gcc -Wall -g2 -gstabs -O0 -fpack-struct -fshort-enums -ffunction-sections -fdata-sections -std=gnu99 -funsigned-char -funsigned-bitfields -mmcu=atmega32 -DF_CPU=8000000UL -MMD -MP -MF"Application/Utilities.d" -MT"Application/Utilities.o" -c -o "Application/Utilities.o" "../Application/Utilities.c"
In file included from ../Application/INC/Utilities.h:16,
                 from ../Application/Utilities.c:9:
c:/winavr-20100110/lib/gcc/../../avr/include/util/delay.h:90:3: warning: #warning "Compiler optimizations disabled; functions from <util/delay.h> won't work as designed"
Finished building: ../Application/Utilities.c
 
Building target: CONTROL_ECU.elf
Invoking: AVR C Linker
avr-gcc -Wl,-Map,CONTROL_ECU.map -mmcu=atmega32 -o "CONTROL_ECU.elf"  ./MCAL/gpio.o ./MCAL/timer0.o ./MCAL/timer1.o ./MCAL/twi.o ./MCAL/usart.o  ./HAL/buzzer.o ./HAL/dcmotor.o ./HAL/external_eeprom.o  ./Application/CONTROL_ECU.o ./Application/Utilities.o   
Finished building target: CONTROL_ECU.elf
 
Invoking: AVR Create Extended Listing
avr-objdump -h -S CONTROL_ECU.elf  >"CONTROL_ECU.lss"
Finished building: CONTROL_ECU.lss
 
Invoking: Print Size
avr-size --format=avr --mcu=atmega32 CONTROL_ECU.elf
AVR Memory Usage
----------------
Device: atmega32

Program:   10596 bytes (32.3% Full)
(.text + .data + .bootloader)

Data:        301 bytes (14.7% Full)
(.data + .bss + .noinit)


Finished building: sizedummy
 
21:37:02 **** Incremental Build of configuration Debug for project HMI_ECU ****
make all 
Invoking: Print Size
avr-size --format=avr --mcu=atmega32 HMI_ECU.elf
AVR Memory Usage
----------------
Device: atmega32

Program:   13782 bytes (42.1% Full)
(.text + .data + .bootloader)

Data:        222 bytes (10.8% Full)
(.data + .bss + .noinit)


Finished building: sizedummy
 
21:39:30 **** Incremental Build of configuration Debug for project CONTROL_ECU ****
make all 
Invoking: Print Size
avr-size --format=avr --mcu=atmega32 CONTROL_ECU.elf
AVR Memory Usage
----------------
Device: atmega32

Program:   10596 bytes (32.3% Full)
(.text + .data + .bootloader)

Data:        301 bytes (14.7% Full)
(.data + .bss + .noinit)


Finished building: sizedummy
 
21:39:31 **** Incremental Build of configuration Debug for project HMI_ECU ****
make all 
Building file: ../MCAL/gpio.c
Invoking: AVR Compiler
avr-gcc -Wall -g2 -gstabs -O0 -fpack-struct -fshort-enums -ffunction-sections -fdata-sections -std=gnu99 -funsigned-char -funsigned-bitfields -mmcu=atmega32 -DF_CPU=8000000UL -MMD -MP -MF"MCAL/gpio.d" -MT"MCAL/gpio.o" -c -o "MCAL/gpio.o" "../MCAL/gpio.c"
Finished building: ../MCAL/gpio.c
 
Building file: ../MCAL/timer1.c
Invoking: AVR Compiler
avr-gcc -Wall -g2 -gstabs -O0 -fpack-struct -fshort-enums -ffunction-sections -fdata-sections -std=gnu99 -funsigned-char -funsigned-bitfields -mmcu=atmega32 -DF_CPU=8000000UL -MMD -MP -MF"MCAL/timer1.d" -MT"MCAL/timer1.o" -c -o "MCAL/timer1.o" "../MCAL/timer1.c"
../MCAL/timer1.c: In function 'TIMER1_setCallback':
../MCAL/timer1.c:105: warning: function return types not compatible due to 'volatile'
Finished building: ../MCAL/timer1.c
 
Building file: ../MCAL/usart.c
Invoking: AVR Compiler
avr-gcc -Wall -g2 -gstabs -O0 -fpack-struct -fshort-enums -ffunction-sections -fdata-sections -std=gnu99 -funsigned-char -funsigned-bitfields -mmcu=atmega32 -DF_CPU=8000000UL -MMD -MP -MF"MCAL/usart.d" -MT"MCAL/usart.o" -c -o "MCAL/usart.o" "../MCAL/usart.c"
Finished building: ../MCAL/usart.c
 
Building file: ../HAL/keypad.c
Invoking: AVR Compiler
avr-gcc -Wall -g2 -gstabs -O0 -fpack-struct -fshort-enums -ffunction-sections -fdata-sections -std=gnu99 -funsigned-char -funsigned-bitfields -mmcu=atmega32 -DF_CPU=8000000UL -MMD -MP -MF"HAL/keypad.d" -MT"HAL/keypad.o" -c -o "HAL/keypad.o" "../HAL/keypad.c"
Finished building: ../HAL/keypad.c
 
Building file: ../HAL/lcd.c
Invoking: AVR Compiler
avr-gcc -Wall -g2 -gstabs -O0 -fpack-struct -fshort-enums -ffunction-sections -fdata-sections -std=gnu99 -funsigned-char -funsigned-bitfields -mmcu=atmega32 -DF_CPU=8000000UL -MMD -MP -MF"HAL/lcd.d" -MT"HAL/lcd.o" -c -o "HAL/lcd.o" "../HAL/lcd.c"
In file included from ../HAL/lcd.c:11:
c:/winavr-20100110/lib/gcc/../../avr/include/util/delay.h:90:3: warning: #warning "Compiler optimizations disabled; functions from <util/delay.h> won't work as designed"
../HAL/lcd.c: In function 'LCD_intgerToString':
../HAL/lcd.c:143: warning: implicit declaration of function 'itoa'
../HAL/lcd.c:144: warning: pointer targets in passing argument 1 of 'LCD_displayString' differ in signedness
Finished building: ../HAL/lcd.c
 
Building file: ../APPLICATION/HMI_ECU.c
Invoking: AVR Compiler
avr-gcc -Wall -g2 -gstabs -O0 -fpack-struct -fshort-enums -ffunction-sections -fdata-sections -std=gnu99 -funsigned-char -funsigned-bitfields -mmcu=atmega32 -DF_CPU=8000000UL -MMD -MP -MF"APPLICATION/HMI_ECU.d" -MT"APPLICATION/HMI_ECU.o" -c -o "APPLICATION/HMI_ECU.o" "../APPLICATION/HMI_ECU.c"
In file included from ../APPLICATION/INC/Utilities.h:18,
                 from ../APPLICATION/HMI_ECU.c:1:
c:/winavr-20100110/lib/gcc/../../avr/include/util/delay.h:90:3: warning: #warning "Compiler optimizations disabled; functions from <util/delay.h> won't work as designed"
Finished building: ../APPLICATION/HMI_ECU.c
 
Building file: ../APPLICATION/Utilities.c
Invoking: AVR Compiler
avr-gcc -Wall -g2 -gstabs -O0 -fpack-struct -fshort-enums -ffunction-sections -fdata-sections -std=gnu99 -funsigned-char -funsigned-bitfields -mmcu=atmega32 -DF_CPU=8000000UL -MMD -MP -MF"APPLICATION/Utilities.d" -MT"APPLICATION/Utilities.o" -c -o "APPLICATION/Utilities.o" "../APPLICATION/Utilities.c"
In file included from ../APPLICATION/INC/Utilities.h:18,
                 from ../APPLICATION/Utilities.c:9:
c:/winavr-20100110/lib/gcc/../../avr/include/util/delay.h:90:3: warning: #warning "Compiler optimizations disabled; functions from <util/delay.h> won't work as designed"
../APPLICATION/Utilities.c: In function 'TASK_createNewPass':
../APPLICATION/Utilities.c:38: warning: pointer targets in passing argument 1 of 'LCD_displayString' differ in signedness
../APPLICATION/Utilities.c:55: warning: pointer targets in passing argument 1 of 'LCD_displayString' differ in signedness
../APPLICATION/Utilities.c:79: warning: pointer targets in passing argument 1 of 'LCD_displayString' differ in signedness
../APPLICATION/Utilities.c:82: warning: pointer targets in passing argument 1 of 'LCD_displayString' differ in signedness
../APPLICATION/Utilities.c: In function 'TASK_showOptions':
../APPLICATION/Utilities.c:96: warning: pointer targets in passing argument 1 of 'LCD_displayString' differ in signedness
../APPLICATION/Utilities.c:98: warning: pointer targets in passing argument 1 of 'LCD_displayString' differ in signedness
../APPLICATION/Utilities.c:109: warning: pointer targets in passing argument 1 of 'LCD_displayString' differ in signedness
../APPLICATION/Utilities.c: In function 'TASK_checkPass':
../APPLICATION/Utilities.c:121: warning: pointer targets in passing argument 1 of 'LCD_displayString' differ in signedness
../APPLICATION/Utilities.c: In function 'TASK_openDoor':
../APPLICATION/Utilities.c:152: warning: pointer targets in passing argument 1 of 'LCD_displayString' differ in signedness
../APPLICATION/Utilities.c: In function 'TASK_changePass':
../APPLICATION/Utilities.c:169: warning: pointer targets in passing argument 1 of 'LCD_displayString' differ in signedness
../APPLICATION/Utilities.c:174: warning: pointer targets in passing argument 1 of 'LCD_displayString' differ in signedness
../APPLICATION/Utilities.c: In function 'TASK_turnOnBuzzer':
../APPLICATION/Utilities.c:196: warning: pointer targets in passing argument 1 of 'LCD_displayString' differ in signedness
../APPLICATION/Utilities.c: In function 'TASK_turnOnMotor':
../APPLICATION/Utilities.c:207: warning: pointer targets in passing argument 1 of 'LCD_displayString' differ in signedness
../APPLICATION/Utilities.c:211: warning: pointer targets in passing argument 1 of 'LCD_displayString' differ in signedness
../APPLICATION/Utilities.c:215: warning: pointer targets in passing argument 1 of 'LCD_displayString' differ in signedness
Finished building: ../APPLICATION/Utilities.c
 
Building target: HMI_ECU.elf
Invoking: AVR C Linker
avr-gcc -Wl,-Map,HMI_ECU.map -mmcu=atmega32 -o "HMI_ECU.elf"  ./MCAL/gpio.o ./MCAL/timer1.o ./MCAL/usart.o  ./HAL/keypad.o ./HAL/lcd.o  ./APPLICATION/HMI_ECU.o ./APPLICATION/Utilities.o   
Finished building target: HMI_ECU.elf
 
Invoking: AVR Create Extended Listing
avr-objdump -h -S HMI_ECU.elf  >"HMI_ECU.lss"
Finished building: HMI_ECU.lss
 
Invoking: Print Size
avr-size --format=avr --mcu=atmega32 HMI_ECU.elf
AVR Memory Usage
----------------
Device: atmega32

Program:   13782 bytes (42.1% Full)
(.text + .data + .bootloader)

Data:        222 bytes (10.8% Full)
(.data + .bss + .noinit)


Finished building: sizedummy
 
21:39:36 **** Clean-only build of configuration Debug for project CONTROL_ECU ****
make clean 
rm -rf  ./MCAL/gpio.o ./MCAL/timer0.o ./MCAL/timer1.o ./MCAL/twi.o ./MCAL/usart.o  ./HAL/buzzer.o ./HAL/dcmotor.o ./HAL/external_eeprom.o  ./Application/CONTROL_ECU.o ./Application/Utilities.o  sizedummy  CONTROL_ECU.lss  ./MCAL/gpio.d ./MCAL/timer0.d ./MCAL/timer1.d ./MCAL/twi.d ./MCAL/usart.d  ./HAL/buzzer.d ./HAL/dcmotor.d ./HAL/external_eeprom.d  ./Application/CONTROL_ECU.d ./Application/Utilities.d  CONTROL_ECU.elf
 
21:39:36 **** Incremental Build of configuration Debug for project CONTROL_ECU ****
make all 
Building file: ../MCAL/gpio.c
Invoking: AVR Compiler
avr-gcc -Wall -g2 -gstabs -O0 -fpack-struct -fshort-enums -ffunction-sections -fdata-sections -std=gnu99 -funsigned-char -funsigned-bitfields -mmcu=atmega32 -DF_CPU=8000000UL -MMD -MP -MF"MCAL/gpio.d" -MT"MCAL/gpio.o" -c -o "MCAL/gpio.o" "../MCAL/gpio.c"
Finished building: ../MCAL/gpio.c
 
Building file: ../MCAL/timer0.c
Invoking: AVR Compiler
avr-gcc -Wall -g2 -gstabs -O0 -fpack-struct -fshort-enums -ffunction-sections -fdata-sections -std=gnu99 -funsigned-char -funsigned-bitfields -mmcu=atmega32 -DF_CPU=8000000UL -MMD -MP -MF"MCAL/timer0.d" -MT"MCAL/timer0.o" -c -o "MCAL/timer0.o" "../MCAL/timer0.c"
Finished building: ../MCAL/timer0.c
 
Building file: ../MCAL/timer1.c
Invoking: AVR Compiler
avr-gcc -Wall -g2 -gstabs -O0 -fpack-struct -fshort-enums -ffunction-sections -fdata-sections -std=gnu99 -funsigned-char -funsigned-bitfields -mmcu=atmega32 -DF_CPU=8000000UL -MMD -MP -MF"MCAL/timer1.d" -MT"MCAL/timer1.o" -c -o "MCAL/timer1.o" "../MCAL/timer1.c"
../MCAL/timer1.c: In function 'TIMER1_setCallback':
../MCAL/timer1.c:105: warning: function return types not compatible due to 'volatile'
Finished building: ../MCAL/timer1.c
 
Building file: ../MCAL/twi.c
Invoking: AVR Compiler
avr-gcc -Wall -g2 -gstabs -O0 -fpack-struct -fshort-enums -ffunction-sections -fdata-sections -std=gnu99 -funsigned-char -funsigned-bitfields -mmcu=atmega32 -DF_CPU=8000000UL -MMD -MP -MF"MCAL/twi.d" -MT"MCAL/twi.o" -c -o "MCAL/twi.o" "../MCAL/twi.c"
Finished building: ../MCAL/twi.c
 
Building file: ../MCAL/usart.c
Invoking: AVR Compiler
avr-gcc -Wall -g2 -gstabs -O0 -fpack-struct -fshort-enums -ffunction-sections -fdata-sections -std=gnu99 -funsigned-char -funsigned-bitfields -mmcu=atmega32 -DF_CPU=8000000UL -MMD -MP -MF"MCAL/usart.d" -MT"MCAL/usart.o" -c -o "MCAL/usart.o" "../MCAL/usart.c"
Finished building: ../MCAL/usart.c
 
Building file: ../HAL/buzzer.c
Invoking: AVR Compiler
avr-gcc -Wall -g2 -gstabs -O0 -fpack-struct -fshort-enums -ffunction-sections -fdata-sections -std=gnu99 -funsigned-char -funsigned-bitfields -mmcu=atmega32 -DF_CPU=8000000UL -MMD -MP -MF"HAL/buzzer.d" -MT"HAL/buzzer.o" -c -o "HAL/buzzer.o" "../HAL/buzzer.c"
Finished building: ../HAL/buzzer.c
 
Building file: ../HAL/dcmotor.c
Invoking: AVR Compiler
avr-gcc -Wall -g2 -gstabs -O0 -fpack-struct -fshort-enums -ffunction-sections -fdata-sections -std=gnu99 -funsigned-char -funsigned-bitfields -mmcu=atmega32 -DF_CPU=8000000UL -MMD -MP -MF"HAL/dcmotor.d" -MT"HAL/dcmotor.o" -c -o "HAL/dcmotor.o" "../HAL/dcmotor.c"
Finished building: ../HAL/dcmotor.c
 
Building file: ../HAL/external_eeprom.c
Invoking: AVR Compiler
avr-gcc -Wall -g2 -gstabs -O0 -fpack-struct -fshort-enums -ffunction-sections -fdata-sections -std=gnu99 -funsigned-char -funsigned-bitfields -mmcu=atmega32 -DF_CPU=8000000UL -MMD -MP -MF"HAL/external_eeprom.d" -MT"HAL/external_eeprom.o" -c -o "HAL/external_eeprom.o" "../HAL/external_eeprom.c"
Finished building: ../HAL/external_eeprom.c
 
Building file: ../Application/CONTROL_ECU.c
Invoking: AVR Compiler
avr-gcc -Wall -g2 -gstabs -O0 -fpack-struct -fshort-enums -ffunction-sections -fdata-sections -std=gnu99 -funsigned-char -funsigned-bitfields -mmcu=atmega32 -DF_CPU=8000000UL -MMD -MP -MF"Application/CONTROL_ECU.d" -MT"Application/CONTROL_ECU.o" -c -o "Application/CONTROL_ECU.o" "../Application/CONTROL_ECU.c"
In file included from ../Application/INC/Utilities.h:16,
                 from ../Application/CONTROL_ECU.c:1:
c:/winavr-20100110/lib/gcc/../../avr/include/util/delay.h:90:3: warning: #warning "Compiler optimizations disabled; functions from <util/delay.h> won't work as designed"
Finished building: ../Application/CONTROL_ECU.c
 
Building file: ../Application/Utilities.c
Invoking: AVR Compiler
avr-gcc -Wall -g2 -gstabs -O0 -fpack-struct -fshort-enums -ffunction-sections -fdata-sections -std=gnu99 -funsigned-char -funsigned-bitfields -mmcu=atmega32 -DF_CPU=8000000UL -MMD -MP -MF"Application/Utilities.d" -MT"Application/Utilities.o" -c -o "Application/Utilities.o" "../Application/Utilities.c"
In file included from ../Application/INC/Utilities.h:16,
                 from ../Application/Utilities.c:9:
c:/winavr-20100110/lib/gcc/../../avr/include/util/delay.h:90:3: warning: #warning "Compiler optimizations disabled; functions from <util/delay.h> won't work as designed"
Finished building: ../Application/Utilities.c
 
Building target: CONTROL_ECU.elf
Invoking: AVR C Linker
avr-gcc -Wl,-Map,CONTROL_ECU.map -mmcu=atmega32 -o "CONTROL_ECU.elf"  ./MCAL/gpio.o ./MCAL/timer0.o ./MCAL/timer1.o ./MCAL/twi.o ./MCAL/usart.o  ./HAL/buzzer.o ./HAL/dcmotor.o ./HAL/external_eeprom.o  ./Application/CONTROL_ECU.o ./Application/Utilities.o   
Finished building target: CONTROL_ECU.elf
 
Invoking: AVR Create Extended Listing
avr-objdump -h -S CONTROL_ECU.elf  >"CONTROL_ECU.lss"
Finished building: CONTROL_ECU.lss
 
Invoking: Print Size
avr-size --format=avr --mcu=atmega32 CONTROL_ECU.elf
AVR Memory Usage
----------------
Device: atmega32

Program:   10596 bytes (32.3% Full)
(.text + .data + .bootloader)

Data:        301 bytes (14.7% Full)
(.data + .bss + .noinit)


Finished building: sizedummy
 
21:39:37 **** Incremental Build of configuration Debug for project HMI_ECU ****
make all 
Invoking: Print Size
avr-size --format=avr --mcu=atmega32 HMI_ECU.elf
AVR Memory Usage
----------------
Device: atmega32

Program:   13782 bytes (42.1% Full)
(.text + .data + .bootloader)

Data:        222 bytes (10.8% Full)
(.data + .bss + .noinit)


Finished building: sizedummy
 
