21:04:16 **** Incremental Build of configuration Debug for project HMI_ECU ****
make all 
Building file: ../HMI_ECU.c
Invoking: AVR Compiler
avr-gcc -Wall -g2 -gstabs -O0 -fpack-struct -fshort-enums -ffunction-sections -fdata-sections -std=gnu99 -funsigned-char -funsigned-bitfields -mmcu=atmega32 -DF_CPU=8000000UL -MMD -MP -MF"HMI_ECU.d" -MT"HMI_ECU.o" -c -o "HMI_ECU.o" "../HMI_ECU.c"
In file included from ../Utilities.h:16,
                 from ../HMI_ECU.c:1:
c:/winavr-20100110/lib/gcc/../../avr/include/util/delay.h:90:3: warning: #warning "Compiler optimizations disabled; functions from <util/delay.h> won't work as designed"
Finished building: ../HMI_ECU.c
 
Building file: ../Utilities.c
Invoking: AVR Compiler
avr-gcc -Wall -g2 -gstabs -O0 -fpack-struct -fshort-enums -ffunction-sections -fdata-sections -std=gnu99 -funsigned-char -funsigned-bitfields -mmcu=atmega32 -DF_CPU=8000000UL -MMD -MP -MF"Utilities.d" -MT"Utilities.o" -c -o "Utilities.o" "../Utilities.c"
In file included from ../Utilities.h:16,
                 from ../Utilities.c:9:
c:/winavr-20100110/lib/gcc/../../avr/include/util/delay.h:90:3: warning: #warning "Compiler optimizations disabled; functions from <util/delay.h> won't work as designed"
../Utilities.c: In function 'TASK_createNewPass':
../Utilities.c:38: warning: pointer targets in passing argument 1 of 'LCD_displayString' differ in signedness
../Utilities.c:55: warning: pointer targets in passing argument 1 of 'LCD_displayString' differ in signedness
../Utilities.c:79: warning: pointer targets in passing argument 1 of 'LCD_displayString' differ in signedness
../Utilities.c:82: warning: pointer targets in passing argument 1 of 'LCD_displayString' differ in signedness
../Utilities.c: In function 'TASK_showOptions':
../Utilities.c:96: warning: pointer targets in passing argument 1 of 'LCD_displayString' differ in signedness
../Utilities.c:98: warning: pointer targets in passing argument 1 of 'LCD_displayString' differ in signedness
../Utilities.c:109: warning: pointer targets in passing argument 1 of 'LCD_displayString' differ in signedness
../Utilities.c: In function 'TASK_checkPass':
../Utilities.c:121: warning: pointer targets in passing argument 1 of 'LCD_displayString' differ in signedness
../Utilities.c: In function 'TASK_openDoor':
../Utilities.c:152: warning: pointer targets in passing argument 1 of 'LCD_displayString' differ in signedness
../Utilities.c: In function 'TASK_changePass':
../Utilities.c:169: warning: pointer targets in passing argument 1 of 'LCD_displayString' differ in signedness
../Utilities.c:174: warning: pointer targets in passing argument 1 of 'LCD_displayString' differ in signedness
../Utilities.c: In function 'TASK_turnOnBuzzer':
../Utilities.c:196: warning: pointer targets in passing argument 1 of 'LCD_displayString' differ in signedness
../Utilities.c: In function 'TASK_turnOnMotor':
../Utilities.c:207: warning: pointer targets in passing argument 1 of 'LCD_displayString' differ in signedness
../Utilities.c:211: warning: pointer targets in passing argument 1 of 'LCD_displayString' differ in signedness
../Utilities.c:215: warning: pointer targets in passing argument 1 of 'LCD_displayString' differ in signedness
Finished building: ../Utilities.c
 
Building target: HMI_ECU.elf
Invoking: AVR C Linker
avr-gcc -Wl,-Map,HMI_ECU.map -mmcu=atmega32 -o "HMI_ECU.elf"  ./HMI_ECU.o ./Utilities.o ./gpio.o ./keypad.o ./lcd.o ./timer1.o ./usart.o   
Finished building target: HMI_ECU.elf
 
Invoking: AVR Create Extended Listing
avr-objdump -h -S HMI_ECU.elf  >"HMI_ECU.lss"
Finished building: HMI_ECU.lss
 
Invoking: Print Size
avr-size --format=avr --mcu=atmega32 HMI_ECU.elf
AVR Memory Usage
----------------
Device: atmega32

Program:   13782 bytes (42.1% Full)
(.text + .data + .bootloader)

Data:        222 bytes (10.8% Full)
(.data + .bss + .noinit)


Finished building: sizedummy
 
21:04:18 **** Incremental Build of configuration Debug for project CONTROL_ECU ****
make all 
Building file: ../Utilities.c
Invoking: AVR Compiler
avr-gcc -Wall -g2 -gstabs -O0 -fpack-struct -fshort-enums -ffunction-sections -fdata-sections -std=gnu99 -funsigned-char -funsigned-bitfields -mmcu=atmega32 -DF_CPU=8000000UL -MMD -MP -MF"Utilities.d" -MT"Utilities.o" -c -o "Utilities.o" "../Utilities.c"
In file included from ../Utilities.h:16,
                 from ../Utilities.c:9:
c:/winavr-20100110/lib/gcc/../../avr/include/util/delay.h:90:3: warning: #warning "Compiler optimizations disabled; functions from <util/delay.h> won't work as designed"
Finished building: ../Utilities.c
 
Building target: CONTROL_ECU.elf
Invoking: AVR C Linker
avr-gcc -Wl,-Map,CONTROL_ECU.map -mmcu=atmega32 -o "CONTROL_ECU.elf"  ./CONTROL_ECU.o ./Utilities.o ./buzzer.o ./dcmotor.o ./external_eeprom.o ./gpio.o ./timer0.o ./timer1.o ./twi.o ./usart.o   
Finished building target: CONTROL_ECU.elf
 
Invoking: AVR Create Extended Listing
avr-objdump -h -S CONTROL_ECU.elf  >"CONTROL_ECU.lss"
Finished building: CONTROL_ECU.lss
 
Invoking: Print Size
avr-size --format=avr --mcu=atmega32 CONTROL_ECU.elf
AVR Memory Usage
----------------
Device: atmega32

Program:   10596 bytes (32.3% Full)
(.text + .data + .bootloader)

Data:        301 bytes (14.7% Full)
(.data + .bss + .noinit)


Finished building: sizedummy
 
21:04:19 **** Incremental Build of configuration Debug for project HMI_ECU ****
make all 
Invoking: Print Size
avr-size --format=avr --mcu=atmega32 HMI_ECU.elf
AVR Memory Usage
----------------
Device: atmega32

Program:   13782 bytes (42.1% Full)
(.text + .data + .bootloader)

Data:        222 bytes (10.8% Full)
(.data + .bss + .noinit)


Finished building: sizedummy
 
